GbDt_Chr01	55868233
GbDt_Chr02	62769430
GbDt_Chr03	45765648
GbDt_Chr04	62178258
GbDt_Chr05	64140413
GbDt_Chr06	51074515
GbDt_Chr07	60982465
GbDt_Chr08	57128820
GbDt_Chr09	70713020
GbDt_Chr10	62175169
GbDt_Chr11	62681010
GbDt_Chr12	35429946
GbDt_Chr13	58321163
GbAt_Chr11	105698715
GbAt_Chr08	127390056
GbAt_Chr02	101022459
GbAt_Chr05	59691044
GbAt_Chr01	147124056
GbAt_Chr12	146007585
GbAt_Chr04	137674440
GbAt_Chr07	127720257
GbAt_Chr13	144146972
GbAt_Chr10	114682873
GbAt_Chr03	102937433
GbAt_Chr09	96603200
GbAt_Chr06	121338753
